0 info it worked if it ends with ok
1 verbose cli [ '/home/neosoft/.nvm/versions/node/v6.0.0/bin/node',
1 verbose cli   '/home/neosoft/.nvm/versions/node/v6.0.0/bin/npm',
1 verbose cli   'install',
1 verbose cli   '@types/react-toggle-display' ]
2 info using npm@3.8.6
3 info using node@v6.0.0
4 silly loadCurrentTree Starting
5 silly install loadCurrentTree
6 silly install readLocalPackageData
7 silly fetchPackageMetaData @types/react-toggle-display
8 silly fetchNamedPackageData @types/react-toggle-display
9 silly mapToRegistry name @types/react-toggle-display
10 silly mapToRegistry scope (from package name) @types
11 verbose mapToRegistry no registry URL found in name for scope @types
12 silly mapToRegistry using default registry
13 silly mapToRegistry registry https://registry.npmjs.org/
14 silly mapToRegistry data Result {
14 silly mapToRegistry   raw: '@types/react-toggle-display',
14 silly mapToRegistry   scope: '@types',
14 silly mapToRegistry   name: '@types/react-toggle-display',
14 silly mapToRegistry   rawSpec: '',
14 silly mapToRegistry   spec: 'latest',
14 silly mapToRegistry   type: 'tag' }
15 silly mapToRegistry uri https://registry.npmjs.org/@types%2freact-toggle-display
16 verbose request uri https://registry.npmjs.org/@types%2freact-toggle-display
17 verbose request no auth needed
18 info attempt registry request try #1 at 3:59:35 PM
19 verbose request id 823cd1a6728a19e7
20 http request GET https://registry.npmjs.org/@types%2freact-toggle-display
21 http 404 https://registry.npmjs.org/@types%2freact-toggle-display
22 verbose headers { 'content-type': 'application/json',
22 verbose headers   'cache-control': 'max-age=0',
22 verbose headers   'content-length': '2',
22 verbose headers   'accept-ranges': 'bytes',
22 verbose headers   date: 'Fri, 14 Jul 2017 10:29:37 GMT',
22 verbose headers   via: '1.1 varnish',
22 verbose headers   age: '0',
22 verbose headers   connection: 'keep-alive',
22 verbose headers   'x-served-by': 'cache-hhn1543-HHN',
22 verbose headers   'x-cache': 'MISS',
22 verbose headers   'x-cache-hits': '0',
22 verbose headers   'x-timer': 'S1500028177.776391,VS0,VE293',
22 verbose headers   vary: 'Accept-Encoding' }
23 silly get cb [ 404,
23 silly get   { 'content-type': 'application/json',
23 silly get     'cache-control': 'max-age=0',
23 silly get     'content-length': '2',
23 silly get     'accept-ranges': 'bytes',
23 silly get     date: 'Fri, 14 Jul 2017 10:29:37 GMT',
23 silly get     via: '1.1 varnish',
23 silly get     age: '0',
23 silly get     connection: 'keep-alive',
23 silly get     'x-served-by': 'cache-hhn1543-HHN',
23 silly get     'x-cache': 'MISS',
23 silly get     'x-cache-hits': '0',
23 silly get     'x-timer': 'S1500028177.776391,VS0,VE293',
23 silly get     vary: 'Accept-Encoding' } ]
24 silly fetchPackageMetaData Error: Registry returned 404 for GET on https://registry.npmjs.org/@types%2freact-toggle-display
24 silly fetchPackageMetaData     at makeError (/home/neosoft/.nvm/versions/node/v6.0.0/lib/node_modules/npm/node_modules/npm-registry-client/lib/request.js:264:12)
24 silly fetchPackageMetaData     at CachingRegistryClient.<anonymous> (/home/neosoft/.nvm/versions/node/v6.0.0/lib/node_modules/npm/node_modules/npm-registry-client/lib/request.js:242:14)
24 silly fetchPackageMetaData     at Request._callback (/home/neosoft/.nvm/versions/node/v6.0.0/lib/node_modules/npm/node_modules/npm-registry-client/lib/request.js:172:14)
24 silly fetchPackageMetaData     at Request.self.callback (/home/neosoft/.nvm/versions/node/v6.0.0/lib/node_modules/npm/node_modules/request/request.js:199:22)
24 silly fetchPackageMetaData     at emitTwo (events.js:106:13)
24 silly fetchPackageMetaData     at Request.emit (events.js:191:7)
24 silly fetchPackageMetaData     at Request.<anonymous> (/home/neosoft/.nvm/versions/node/v6.0.0/lib/node_modules/npm/node_modules/request/request.js:1036:10)
24 silly fetchPackageMetaData     at emitOne (events.js:101:20)
24 silly fetchPackageMetaData     at Request.emit (events.js:188:7)
24 silly fetchPackageMetaData     at IncomingMessage.<anonymous> (/home/neosoft/.nvm/versions/node/v6.0.0/lib/node_modules/npm/node_modules/request/request.js:963:12)
24 silly fetchPackageMetaData  error for @types/react-toggle-display { Error: Registry returned 404 for GET on https://registry.npmjs.org/@types%2freact-toggle-display
24 silly fetchPackageMetaData     at makeError (/home/neosoft/.nvm/versions/node/v6.0.0/lib/node_modules/npm/node_modules/npm-registry-client/lib/request.js:264:12)
24 silly fetchPackageMetaData     at CachingRegistryClient.<anonymous> (/home/neosoft/.nvm/versions/node/v6.0.0/lib/node_modules/npm/node_modules/npm-registry-client/lib/request.js:242:14)
24 silly fetchPackageMetaData     at Request._callback (/home/neosoft/.nvm/versions/node/v6.0.0/lib/node_modules/npm/node_modules/npm-registry-client/lib/request.js:172:14)
24 silly fetchPackageMetaData     at Request.self.callback (/home/neosoft/.nvm/versions/node/v6.0.0/lib/node_modules/npm/node_modules/request/request.js:199:22)
24 silly fetchPackageMetaData     at emitTwo (events.js:106:13)
24 silly fetchPackageMetaData     at Request.emit (events.js:191:7)
24 silly fetchPackageMetaData     at Request.<anonymous> (/home/neosoft/.nvm/versions/node/v6.0.0/lib/node_modules/npm/node_modules/request/request.js:1036:10)
24 silly fetchPackageMetaData     at emitOne (events.js:101:20)
24 silly fetchPackageMetaData     at Request.emit (events.js:188:7)
24 silly fetchPackageMetaData     at IncomingMessage.<anonymous> (/home/neosoft/.nvm/versions/node/v6.0.0/lib/node_modules/npm/node_modules/request/request.js:963:12)
24 silly fetchPackageMetaData   pkgid: '@types/react-toggle-display',
24 silly fetchPackageMetaData   statusCode: 404,
24 silly fetchPackageMetaData   code: 'E404' }
25 silly rollbackFailedOptional Starting
26 silly rollbackFailedOptional Finishing
27 silly runTopLevelLifecycles Starting
28 silly runTopLevelLifecycles Finishing
29 silly install printInstalled
30 verbose stack Error: Registry returned 404 for GET on https://registry.npmjs.org/@types%2freact-toggle-display
30 verbose stack     at makeError (/home/neosoft/.nvm/versions/node/v6.0.0/lib/node_modules/npm/node_modules/npm-registry-client/lib/request.js:264:12)
30 verbose stack     at CachingRegistryClient.<anonymous> (/home/neosoft/.nvm/versions/node/v6.0.0/lib/node_modules/npm/node_modules/npm-registry-client/lib/request.js:242:14)
30 verbose stack     at Request._callback (/home/neosoft/.nvm/versions/node/v6.0.0/lib/node_modules/npm/node_modules/npm-registry-client/lib/request.js:172:14)
30 verbose stack     at Request.self.callback (/home/neosoft/.nvm/versions/node/v6.0.0/lib/node_modules/npm/node_modules/request/request.js:199:22)
30 verbose stack     at emitTwo (events.js:106:13)
30 verbose stack     at Request.emit (events.js:191:7)
30 verbose stack     at Request.<anonymous> (/home/neosoft/.nvm/versions/node/v6.0.0/lib/node_modules/npm/node_modules/request/request.js:1036:10)
30 verbose stack     at emitOne (events.js:101:20)
30 verbose stack     at Request.emit (events.js:188:7)
30 verbose stack     at IncomingMessage.<anonymous> (/home/neosoft/.nvm/versions/node/v6.0.0/lib/node_modules/npm/node_modules/request/request.js:963:12)
31 verbose statusCode 404
32 verbose pkgid @types/react-toggle-display
33 verbose cwd /home/neosoft/dev/react_workspace/robot_assignment
34 error Linux 3.13.0-123-generic
35 error argv "/home/neosoft/.nvm/versions/node/v6.0.0/bin/node" "/home/neosoft/.nvm/versions/node/v6.0.0/bin/npm" "install" "@types/react-toggle-display"
36 error node v6.0.0
37 error npm  v3.8.6
38 error code E404
39 error 404 Registry returned 404 for GET on https://registry.npmjs.org/@types%2freact-toggle-display
40 error 404
41 error 404 '@types/react-toggle-display' is not in the npm registry.
42 error 404 You should bug the author to publish it (or use the name yourself!)
43 error 404 Note that you can also install from a
44 error 404 tarball, folder, http url, or git url.
45 verbose exit [ 1, true ]
